<?xml version="1.0" encoding="UTF-8"?>
<!-- Generated by org.testng.reporters.JUnitReportReporter -->
<testsuite skipped="0" hostname="DESKTOP-HILMFAQ" name="learnings.TC002_RequestParams2" tests="1" failures="0" timestamp="17 Mar 2020 02:47:01 GMT" time="4.257" errors="0">
  <testcase name="testgetemployee" time="4.257" classname="learnings.TC002_RequestParams2"/>
</testsuite> <!-- learnings.TC002_RequestParams2 -->
