<?xml version="1.0" encoding="UTF-8"?>
<!-- Generated by org.testng.reporters.JUnitReportReporter -->
<testsuite skipped="0" hostname="DESKTOP-HILMFAQ" name="learnings.TC007_RequestParams" tests="1" failures="0" timestamp="17 Mar 2020 02:34:35 GMT" time="4.250" errors="0">
  <testcase name="testgetemployee" time="4.250" classname="learnings.TC007_RequestParams"/>
</testsuite> <!-- learnings.TC007_RequestParams -->
