<?xml version="1.0" encoding="UTF-8"?>
<!-- Generated by org.testng.reporters.JUnitReportReporter -->
<testsuite skipped="0" hostname="DESKTOP-HILMFAQ" name="apitests.UserTimelineTest" tests="2" failures="0" timestamp="18 Mar 2020 09:56:48 GMT" time="7.017" errors="0">
  <testcase name="readTweets2" time="1.481" classname="apitests.UserTimelineTest"/>
  <testcase name="readTweets1" time="5.536" classname="apitests.UserTimelineTest"/>
</testsuite> <!-- apitests.UserTimelineTest -->
