<?xml version="1.0" encoding="UTF-8"?>
<!-- Generated by org.testng.reporters.JUnitReportReporter -->
<testsuite skipped="0" hostname="DESKTOP-HILMFAQ" name="apitests.PostTweetsHashMap" tests="1" failures="0" timestamp="18 Mar 2020 09:42:25 GMT" time="4.781" errors="0">
  <testcase name="postTweetandAttachments" time="4.781" classname="apitests.PostTweetsHashMap"/>
</testsuite> <!-- apitests.PostTweetsHashMap -->
