<?xml version="1.0" encoding="UTF-8"?>
<!-- Generated by org.testng.reporters.JUnitReportReporter -->
<testsuite skipped="0" hostname="DESKTOP-HILMFAQ" name="apitests.TwitterWorkFlowTest" tests="4" failures="0" timestamp="18 Mar 2020 09:38:04 GMT" time="8.375" errors="0">
  <testcase name="postTweet" time="4.445" classname="apitests.TwitterWorkFlowTest"/>
  <testcase name="reTweet" time="1.345" classname="apitests.TwitterWorkFlowTest"/>
  <testcase name="readTweet" time="1.297" classname="apitests.TwitterWorkFlowTest"/>
  <testcase name="deleteTweet" time="1.288" classname="apitests.TwitterWorkFlowTest"/>
</testsuite> <!-- apitests.TwitterWorkFlowTest -->
