<?xml version="1.0" encoding="UTF-8"?>
<!-- Generated by org.testng.reporters.JUnitReportReporter -->
<testsuite skipped="0" hostname="DESKTOP-HILMFAQ" name="common.UserTimelineTest" tests="2" failures="0" timestamp="17 Mar 2020 03:43:37 GMT" time="5.742" errors="0">
  <testcase name="readTweets2" time="1.239" classname="common.UserTimelineTest"/>
  <testcase name="readTweets1" time="4.503" classname="common.UserTimelineTest"/>
</testsuite> <!-- common.UserTimelineTest -->
